mode: set
github.com/MabsIPCA/helm-tests/taxonomy_analyzer/analyzer/analyzer.go:22.98,30.24 2 1
github.com/MabsIPCA/helm-tests/taxonomy_analyzer/analyzer/analyzer.go:30.24,32.3 1 1
github.com/MabsIPCA/helm-tests/taxonomy_analyzer/analyzer/analyzer.go:33.2,33.53 1 1
github.com/MabsIPCA/helm-tests/taxonomy_analyzer/analyzer/analyzer.go:37.55,43.36 5 1
github.com/MabsIPCA/helm-tests/taxonomy_analyzer/analyzer/analyzer.go:43.36,44.57 1 1
github.com/MabsIPCA/helm-tests/taxonomy_analyzer/analyzer/analyzer.go:44.57,52.4 1 0
github.com/MabsIPCA/helm-tests/taxonomy_analyzer/analyzer/analyzer.go:54.3,54.34 1 1
github.com/MabsIPCA/helm-tests/taxonomy_analyzer/analyzer/analyzer.go:54.34,55.45 1 1
github.com/MabsIPCA/helm-tests/taxonomy_analyzer/analyzer/analyzer.go:55.45,56.13 1 0
github.com/MabsIPCA/helm-tests/taxonomy_analyzer/analyzer/analyzer.go:58.4,67.27 2 1
github.com/MabsIPCA/helm-tests/taxonomy_analyzer/analyzer/analyzer.go:67.27,69.5 1 1
github.com/MabsIPCA/helm-tests/taxonomy_analyzer/analyzer/analyzer.go:70.4,70.28 1 1
github.com/MabsIPCA/helm-tests/taxonomy_analyzer/analyzer/analyzer.go:75.65,80.21 4 1
github.com/MabsIPCA/helm-tests/taxonomy_analyzer/analyzer/analyzer.go:80.21,83.3 2 0
github.com/MabsIPCA/helm-tests/taxonomy_analyzer/analyzer/analyzer.go:83.8,85.3 1 1
github.com/MabsIPCA/helm-tests/taxonomy_analyzer/analyzer/analyzer.go:87.2,92.22 5 1
github.com/MabsIPCA/helm-tests/taxonomy_analyzer/analyzer/analyzer.go:92.22,94.25 2 1
github.com/MabsIPCA/helm-tests/taxonomy_analyzer/analyzer/analyzer.go:94.25,96.4 1 1
github.com/MabsIPCA/helm-tests/taxonomy_analyzer/analyzer/analyzer.go:96.9,98.4 1 1
github.com/MabsIPCA/helm-tests/taxonomy_analyzer/analyzer/analyzer.go:99.3,100.62 2 1
github.com/MabsIPCA/helm-tests/taxonomy_analyzer/analyzer/analyzer.go:103.2,103.49 1 1
github.com/MabsIPCA/helm-tests/taxonomy_analyzer/analyzer/analyzer.go:103.49,105.3 1 1
github.com/MabsIPCA/helm-tests/taxonomy_analyzer/analyzer/analyzer.go:106.2,107.62 2 1
github.com/MabsIPCA/helm-tests/taxonomy_analyzer/analyzer/analyzer.go:110.111,113.49 3 1
github.com/MabsIPCA/helm-tests/taxonomy_analyzer/analyzer/analyzer.go:113.49,115.3 1 1
github.com/MabsIPCA/helm-tests/taxonomy_analyzer/analyzer/analyzer.go:116.2,116.23 1 1
github.com/MabsIPCA/helm-tests/taxonomy_analyzer/analyzer/analyzer.go:119.114,123.20 4 1
github.com/MabsIPCA/helm-tests/taxonomy_analyzer/analyzer/analyzer.go:123.20,125.3 1 1
github.com/MabsIPCA/helm-tests/taxonomy_analyzer/analyzer/analyzer.go:125.8,127.29 2 1
github.com/MabsIPCA/helm-tests/taxonomy_analyzer/analyzer/analyzer.go:127.29,128.30 1 1
github.com/MabsIPCA/helm-tests/taxonomy_analyzer/analyzer/analyzer.go:128.30,130.5 1 1
github.com/MabsIPCA/helm-tests/taxonomy_analyzer/analyzer/analyzer.go:131.4,131.39 1 1
github.com/MabsIPCA/helm-tests/taxonomy_analyzer/analyzer/analyzer.go:134.2,135.23 2 1
github.com/MabsIPCA/helm-tests/taxonomy_analyzer/analyzer/analyzer.go:139.50,145.2 5 1
github.com/MabsIPCA/helm-tests/taxonomy_analyzer/analyzer/analyzer.go:147.94,153.24 3 1
github.com/MabsIPCA/helm-tests/taxonomy_analyzer/analyzer/analyzer.go:153.24,155.3 1 1
github.com/MabsIPCA/helm-tests/taxonomy_analyzer/analyzer/analyzer.go:156.2,156.46 1 1
github.com/MabsIPCA/helm-tests/taxonomy_analyzer/analyzer/analyzer.go:156.46,157.39 1 0
github.com/MabsIPCA/helm-tests/taxonomy_analyzer/analyzer/analyzer.go:157.39,159.4 1 0
github.com/MabsIPCA/helm-tests/taxonomy_analyzer/analyzer/analyzer.go:160.3,160.41 1 0
github.com/MabsIPCA/helm-tests/taxonomy_analyzer/analyzer/analyzer.go:163.2,164.26 2 1
github.com/MabsIPCA/helm-tests/taxonomy_analyzer/analyzer/analyzer.go:164.26,166.3 1 1
github.com/MabsIPCA/helm-tests/taxonomy_analyzer/analyzer/analyzer.go:167.2,167.12 1 1
github.com/MabsIPCA/helm-tests/taxonomy_analyzer/analyzer/analyzer.go:170.77,172.24 2 1
github.com/MabsIPCA/helm-tests/taxonomy_analyzer/analyzer/analyzer.go:172.24,174.3 1 1
github.com/MabsIPCA/helm-tests/taxonomy_analyzer/analyzer/analyzer.go:175.2,178.33 3 1
github.com/MabsIPCA/helm-tests/taxonomy_analyzer/analyzer/analyzer.go:178.33,181.24 3 1
github.com/MabsIPCA/helm-tests/taxonomy_analyzer/analyzer/analyzer.go:181.24,183.4 1 1
github.com/MabsIPCA/helm-tests/taxonomy_analyzer/analyzer/analyzer.go:184.3,187.26 3 1
github.com/MabsIPCA/helm-tests/taxonomy_analyzer/analyzer/analyzer.go:187.26,189.4 1 1
github.com/MabsIPCA/helm-tests/taxonomy_analyzer/analyzer/analyzer.go:190.3,190.25 1 1
github.com/MabsIPCA/helm-tests/taxonomy_analyzer/analyzer/analyzer.go:192.2,192.12 1 1
github.com/MabsIPCA/helm-tests/taxonomy_analyzer/loader/loader.go:12.84,14.16 2 0
github.com/MabsIPCA/helm-tests/taxonomy_analyzer/loader/loader.go:14.16,16.3 1 0
github.com/MabsIPCA/helm-tests/taxonomy_analyzer/loader/loader.go:17.2,22.16 4 0
github.com/MabsIPCA/helm-tests/taxonomy_analyzer/loader/loader.go:22.16,24.3 1 0
github.com/MabsIPCA/helm-tests/taxonomy_analyzer/loader/loader.go:25.2,26.25 2 0
github.com/MabsIPCA/helm-tests/taxonomy_analyzer/loader/loader.go:26.25,28.3 1 0
github.com/MabsIPCA/helm-tests/taxonomy_analyzer/loader/loader.go:30.2,30.21 1 0
github.com/MabsIPCA/helm-tests/taxonomy_analyzer/loader/loader.go:30.21,32.47 2 0
github.com/MabsIPCA/helm-tests/taxonomy_analyzer/loader/loader.go:32.47,34.4 1 0
github.com/MabsIPCA/helm-tests/taxonomy_analyzer/loader/loader.go:35.3,35.34 1 0
github.com/MabsIPCA/helm-tests/taxonomy_analyzer/loader/loader.go:35.34,37.4 1 0
github.com/MabsIPCA/helm-tests/taxonomy_analyzer/loader/loader.go:40.2,41.16 2 0
github.com/MabsIPCA/helm-tests/taxonomy_analyzer/loader/loader.go:41.16,43.3 1 0
github.com/MabsIPCA/helm-tests/taxonomy_analyzer/loader/loader.go:45.2,45.12 1 0
github.com/MabsIPCA/helm-tests/taxonomy_analyzer/loader/loader.go:50.73,52.16 2 1
github.com/MabsIPCA/helm-tests/taxonomy_analyzer/loader/loader.go:52.16,54.3 1 1
github.com/MabsIPCA/helm-tests/taxonomy_analyzer/loader/loader.go:55.2,60.16 4 1
github.com/MabsIPCA/helm-tests/taxonomy_analyzer/loader/loader.go:60.16,62.3 1 0
github.com/MabsIPCA/helm-tests/taxonomy_analyzer/loader/loader.go:63.2,64.25 2 1
github.com/MabsIPCA/helm-tests/taxonomy_analyzer/loader/loader.go:64.25,66.3 1 0
github.com/MabsIPCA/helm-tests/taxonomy_analyzer/loader/loader.go:68.2,69.21 2 1
github.com/MabsIPCA/helm-tests/taxonomy_analyzer/loader/loader.go:69.21,71.47 2 1
github.com/MabsIPCA/helm-tests/taxonomy_analyzer/loader/loader.go:71.47,73.4 1 0
github.com/MabsIPCA/helm-tests/taxonomy_analyzer/loader/loader.go:74.3,74.37 1 1
github.com/MabsIPCA/helm-tests/taxonomy_analyzer/loader/loader.go:74.37,75.35 1 1
github.com/MabsIPCA/helm-tests/taxonomy_analyzer/loader/loader.go:75.35,76.50 1 1
github.com/MabsIPCA/helm-tests/taxonomy_analyzer/loader/loader.go:76.50,78.6 1 1
github.com/MabsIPCA/helm-tests/taxonomy_analyzer/loader/loader.go:83.2,83.42 1 1
github.com/MabsIPCA/helm-tests/taxonomy_analyzer/loader/loader.go:83.42,85.3 1 0
github.com/MabsIPCA/helm-tests/taxonomy_analyzer/loader/loader.go:87.2,87.19 1 1
github.com/MabsIPCA/helm-tests/taxonomy_analyzer/exporter/exporter.go:16.68,17.54 1 1
github.com/MabsIPCA/helm-tests/taxonomy_analyzer/exporter/exporter.go:17.54,19.3 1 0
github.com/MabsIPCA/helm-tests/taxonomy_analyzer/exporter/exporter.go:21.2,21.92 1 1
github.com/MabsIPCA/helm-tests/taxonomy_analyzer/exporter/exporter.go:21.92,23.3 1 0
github.com/MabsIPCA/helm-tests/taxonomy_analyzer/exporter/exporter.go:24.2,24.95 1 1
github.com/MabsIPCA/helm-tests/taxonomy_analyzer/exporter/exporter.go:24.95,26.3 1 0
github.com/MabsIPCA/helm-tests/taxonomy_analyzer/exporter/exporter.go:27.2,27.109 1 1
github.com/MabsIPCA/helm-tests/taxonomy_analyzer/exporter/exporter.go:27.109,29.3 1 0
github.com/MabsIPCA/helm-tests/taxonomy_analyzer/exporter/exporter.go:30.2,30.118 1 1
github.com/MabsIPCA/helm-tests/taxonomy_analyzer/exporter/exporter.go:30.118,32.3 1 0
github.com/MabsIPCA/helm-tests/taxonomy_analyzer/exporter/exporter.go:34.2,34.12 1 1
github.com/MabsIPCA/helm-tests/taxonomy_analyzer/exporter/exporter.go:37.64,39.16 2 1
github.com/MabsIPCA/helm-tests/taxonomy_analyzer/exporter/exporter.go:39.16,41.3 1 0
github.com/MabsIPCA/helm-tests/taxonomy_analyzer/exporter/exporter.go:42.2,42.56 1 1
github.com/MabsIPCA/helm-tests/taxonomy_analyzer/exporter/exporter.go:42.56,44.3 1 0
github.com/MabsIPCA/helm-tests/taxonomy_analyzer/exporter/exporter.go:45.2,45.12 1 1
github.com/MabsIPCA/helm-tests/taxonomy_analyzer/exporter/exporter.go:48.68,50.16 2 1
github.com/MabsIPCA/helm-tests/taxonomy_analyzer/exporter/exporter.go:50.16,52.3 1 0
github.com/MabsIPCA/helm-tests/taxonomy_analyzer/exporter/exporter.go:53.2,59.31 6 1
github.com/MabsIPCA/helm-tests/taxonomy_analyzer/exporter/exporter.go:59.31,61.3 1 1
github.com/MabsIPCA/helm-tests/taxonomy_analyzer/exporter/exporter.go:63.2,73.36 11 1
github.com/MabsIPCA/helm-tests/taxonomy_analyzer/exporter/exporter.go:73.36,77.3 3 1
github.com/MabsIPCA/helm-tests/taxonomy_analyzer/exporter/exporter.go:78.2,84.55 6 1
github.com/MabsIPCA/helm-tests/taxonomy_analyzer/exporter/exporter.go:84.55,86.3 1 1
github.com/MabsIPCA/helm-tests/taxonomy_analyzer/exporter/exporter.go:87.2,91.36 4 1
github.com/MabsIPCA/helm-tests/taxonomy_analyzer/exporter/exporter.go:91.36,94.59 3 1
github.com/MabsIPCA/helm-tests/taxonomy_analyzer/exporter/exporter.go:94.59,97.4 2 1
github.com/MabsIPCA/helm-tests/taxonomy_analyzer/exporter/exporter.go:98.8,101.59 3 1
github.com/MabsIPCA/helm-tests/taxonomy_analyzer/exporter/exporter.go:101.59,103.4 1 1
github.com/MabsIPCA/helm-tests/taxonomy_analyzer/exporter/exporter.go:105.2,107.34 2 1
github.com/MabsIPCA/helm-tests/taxonomy_analyzer/exporter/exporter.go:107.34,111.39 4 0
github.com/MabsIPCA/helm-tests/taxonomy_analyzer/exporter/exporter.go:111.39,113.4 1 0
github.com/MabsIPCA/helm-tests/taxonomy_analyzer/exporter/exporter.go:114.3,114.30 1 0
github.com/MabsIPCA/helm-tests/taxonomy_analyzer/exporter/exporter.go:114.30,118.22 4 0
github.com/MabsIPCA/helm-tests/taxonomy_analyzer/exporter/exporter.go:118.22,120.5 1 0
github.com/MabsIPCA/helm-tests/taxonomy_analyzer/exporter/exporter.go:121.4,121.89 1 0
github.com/MabsIPCA/helm-tests/taxonomy_analyzer/exporter/exporter.go:125.2,125.12 1 1
github.com/MabsIPCA/helm-tests/taxonomy_analyzer/exporter/exporter.go:128.71,130.16 2 1
github.com/MabsIPCA/helm-tests/taxonomy_analyzer/exporter/exporter.go:130.16,132.3 1 0
github.com/MabsIPCA/helm-tests/taxonomy_analyzer/exporter/exporter.go:133.2,139.40 5 1
github.com/MabsIPCA/helm-tests/taxonomy_analyzer/exporter/exporter.go:139.40,141.3 1 0
github.com/MabsIPCA/helm-tests/taxonomy_analyzer/exporter/exporter.go:143.2,143.34 1 1
github.com/MabsIPCA/helm-tests/taxonomy_analyzer/exporter/exporter.go:143.34,146.23 3 1
github.com/MabsIPCA/helm-tests/taxonomy_analyzer/exporter/exporter.go:146.23,147.26 1 1
github.com/MabsIPCA/helm-tests/taxonomy_analyzer/exporter/exporter.go:147.26,149.5 1 0
github.com/MabsIPCA/helm-tests/taxonomy_analyzer/exporter/exporter.go:149.10,151.5 1 1
github.com/MabsIPCA/helm-tests/taxonomy_analyzer/exporter/exporter.go:152.4,152.40 1 1
github.com/MabsIPCA/helm-tests/taxonomy_analyzer/exporter/exporter.go:154.3,166.18 1 1
github.com/MabsIPCA/helm-tests/taxonomy_analyzer/exporter/exporter.go:166.18,168.4 1 0
github.com/MabsIPCA/helm-tests/taxonomy_analyzer/exporter/exporter.go:171.2,171.12 1 1
github.com/MabsIPCA/helm-tests/taxonomy_analyzer/exporter/exporter.go:174.74,176.27 2 1
github.com/MabsIPCA/helm-tests/taxonomy_analyzer/exporter/exporter.go:176.27,178.3 1 1
github.com/MabsIPCA/helm-tests/taxonomy_analyzer/exporter/exporter.go:179.2,179.45 1 1
github.com/MabsIPCA/helm-tests/taxonomy_analyzer/exporter/exporter.go:179.45,180.55 1 0
github.com/MabsIPCA/helm-tests/taxonomy_analyzer/exporter/exporter.go:180.55,182.4 1 0
github.com/MabsIPCA/helm-tests/taxonomy_analyzer/exporter/exporter.go:183.3,183.57 1 0
github.com/MabsIPCA/helm-tests/taxonomy_analyzer/exporter/exporter.go:185.2,185.13 1 1
github.com/MabsIPCA/helm-tests/taxonomy_analyzer/exporter/exporter.go:188.82,190.16 2 1
github.com/MabsIPCA/helm-tests/taxonomy_analyzer/exporter/exporter.go:190.16,192.3 1 0
github.com/MabsIPCA/helm-tests/taxonomy_analyzer/exporter/exporter.go:193.2,196.43 3 1
github.com/MabsIPCA/helm-tests/taxonomy_analyzer/exporter/exporter.go:196.43,199.3 2 1
github.com/MabsIPCA/helm-tests/taxonomy_analyzer/exporter/exporter.go:201.2,206.58 5 1
github.com/MabsIPCA/helm-tests/taxonomy_analyzer/exporter/exporter.go:206.58,209.31 3 1
github.com/MabsIPCA/helm-tests/taxonomy_analyzer/exporter/exporter.go:209.31,213.32 4 1
github.com/MabsIPCA/helm-tests/taxonomy_analyzer/exporter/exporter.go:213.32,215.5 1 0
github.com/MabsIPCA/helm-tests/taxonomy_analyzer/exporter/exporter.go:216.4,216.29 1 1
github.com/MabsIPCA/helm-tests/taxonomy_analyzer/exporter/exporter.go:216.29,218.5 1 1
github.com/MabsIPCA/helm-tests/taxonomy_analyzer/exporter/exporter.go:219.4,223.19 5 1
github.com/MabsIPCA/helm-tests/taxonomy_analyzer/exporter/exporter.go:227.2,227.12 1 1
github.com/MabsIPCA/helm-tests/taxonomy_analyzer/exporter/exporter.go:230.86,232.25 2 1
github.com/MabsIPCA/helm-tests/taxonomy_analyzer/exporter/exporter.go:232.25,234.3 1 1
github.com/MabsIPCA/helm-tests/taxonomy_analyzer/exporter/exporter.go:235.2,235.45 1 1
github.com/MabsIPCA/helm-tests/taxonomy_analyzer/exporter/exporter.go:235.45,236.53 1 0
github.com/MabsIPCA/helm-tests/taxonomy_analyzer/exporter/exporter.go:236.53,238.4 1 0
github.com/MabsIPCA/helm-tests/taxonomy_analyzer/exporter/exporter.go:239.3,239.55 1 0
github.com/MabsIPCA/helm-tests/taxonomy_analyzer/exporter/exporter.go:241.2,241.13 1 1
github.com/MabsIPCA/helm-tests/taxonomy_analyzer/classifier/classifier.go:52.53,64.28 4 0
github.com/MabsIPCA/helm-tests/taxonomy_analyzer/classifier/classifier.go:64.28,66.3 1 0
github.com/MabsIPCA/helm-tests/taxonomy_analyzer/classifier/classifier.go:68.2,68.29 1 0
github.com/MabsIPCA/helm-tests/taxonomy_analyzer/classifier/classifier.go:68.29,69.41 1 0
github.com/MabsIPCA/helm-tests/taxonomy_analyzer/classifier/classifier.go:69.41,70.45 1 0
github.com/MabsIPCA/helm-tests/taxonomy_analyzer/classifier/classifier.go:70.45,75.5 4 0
github.com/MabsIPCA/helm-tests/taxonomy_analyzer/classifier/classifier.go:79.2,79.15 1 0
github.com/MabsIPCA/helm-tests/taxonomy_analyzer/main.go:15.13,24.16 7 0
github.com/MabsIPCA/helm-tests/taxonomy_analyzer/main.go:24.16,27.3 2 0
github.com/MabsIPCA/helm-tests/taxonomy_analyzer/main.go:29.2,31.22 3 0
github.com/MabsIPCA/helm-tests/taxonomy_analyzer/main.go:31.22,33.17 2 0
github.com/MabsIPCA/helm-tests/taxonomy_analyzer/main.go:33.17,36.4 2 0
github.com/MabsIPCA/helm-tests/taxonomy_analyzer/main.go:37.3,38.17 2 0
github.com/MabsIPCA/helm-tests/taxonomy_analyzer/main.go:38.17,41.4 2 0
github.com/MabsIPCA/helm-tests/taxonomy_analyzer/main.go:42.3,42.73 1 0
github.com/MabsIPCA/helm-tests/taxonomy_analyzer/main.go:45.2,46.75 2 0
github.com/MabsIPCA/helm-tests/taxonomy_analyzer/main.go:46.75,49.3 2 0
github.com/MabsIPCA/helm-tests/taxonomy_analyzer/main.go:50.2,50.16 1 0
github.com/MabsIPCA/helm-tests/taxonomy_analyzer/main.go:50.16,53.3 2 0
github.com/MabsIPCA/helm-tests/taxonomy_analyzer/main.go:55.2,56.62 2 0
github.com/MabsIPCA/helm-tests/taxonomy_analyzer/main.go:56.62,59.3 2 0
github.com/MabsIPCA/helm-tests/taxonomy_analyzer/main.go:61.2,63.36 3 0
github.com/MabsIPCA/helm-tests/taxonomy_analyzer/main.go:63.36,65.3 1 0
